<?xml version="1.0" encoding="UTF-8"?>
<testng-results total="2" passed="2" failed="0" skipped="0">
  <reporter-output>
  </reporter-output>
  <suite started-at="2023-04-05T10:09:36Z" name="Suite1" finished-at="2023-04-05T10:10:03Z" duration-ms="27309">
    <groups>
    </groups>
    <test started-at="2023-04-05T10:09:36Z" name="Regression1" finished-at="2023-04-05T10:10:03Z" duration-ms="27309">
      <class name="com.testscipts.TS002">
        <test-method signature="ts002()[pri:0, instance:com.testscipts.TS002@cad498c]" started-at="2023-04-05T15:39:50Z" name="ts002" finished-at="2023-04-05T15:40:03Z" duration-ms="13579" status="PASS">
          <reporter-output>
          </reporter-output>
        </test-method> <!-- ts002 -->
      </class> <!-- com.testscipts.TS002 -->
      <class name="com.testscipts.TS001">
        <test-method signature="tc001()[pri:0, instance:com.testscipts.TS001@41e1e210]" started-at="2023-04-05T15:39:36Z" name="tc001" finished-at="2023-04-05T15:39:50Z" duration-ms="13712" status="PASS">
          <reporter-output>
          </reporter-output>
        </test-method> <!-- tc001 -->
      </class> <!-- com.testscipts.TS001 -->
    </test> <!-- Regression1 -->
  </suite> <!-- Suite1 -->
</testng-results>
